<?xml version="1.0" encoding="UTF-8"?>
<!-- Generated by org.testng.reporters.JUnitReportReporter -->
<testsuite hostname="LTIN173527" failures="0" tests="4" name="testCases.TC04_ForCorporates" time="43.779" errors="0" timestamp="2024-02-29T22:38:56 IST" skipped="0">
  <testcase classname="testCases.TC04_ForCorporates" name="TC01_Corporate" time="3.969"/>
  <system-out/>
  <testcase classname="testCases.TC04_ForCorporates" name="TC02_ScrollDown" time="0.147"/>
  <system-out/>
  <testcase classname="testCases.TC04_ForCorporates" name="TC03_Details" time="39.567"/>
  <system-out/>
  <testcase classname="testCases.TC04_ForCorporates" name="TC04_Message" time="0.096"/>
  <system-out/>
</testsuite> <!-- testCases.TC04_ForCorporates -->
