<?xml version="1.0" encoding="UTF-8"?>
<!-- Generated by org.testng.reporters.JUnitReportReporter -->
<testsuite hostname="LTIN173527" failures="0" tests="5" name="testCases.TC02_DoctorPage" time="35.577" errors="0" timestamp="2024-02-29T22:38:56 IST" skipped="0">
  <testcase classname="testCases.TC02_DoctorPage" name="TC001_PatientStory" time="20.353"/>
  <system-out/>
  <testcase classname="testCases.TC02_DoctorPage" name="TC002_DoctorExp" time="2.313"/>
  <system-out/>
  <testcase classname="testCases.TC02_DoctorPage" name="TC003_FilterSelect" time="7.543"/>
  <system-out/>
  <testcase classname="testCases.TC02_DoctorPage" name="TC004_Relevance" time="3.681"/>
  <system-out/>
  <testcase classname="testCases.TC02_DoctorPage" name="TC005_Doctor" time="1.687"/>
  <system-out/>
</testsuite> <!-- testCases.TC02_DoctorPage -->
