<?xml version="1.0" encoding="UTF-8"?>
<!-- Generated by org.testng.reporters.JUnitReportReporter -->
<testsuite hostname="LTIN173527" failures="0" tests="3" name="testCases.TC03_SurgeriesList" time="4.387" errors="0" timestamp="2024-02-29T22:38:56 IST" skipped="0">
  <testcase classname="testCases.TC03_SurgeriesList" name="TC01_Surgery" time="1.222"/>
  <system-out/>
  <testcase classname="testCases.TC03_SurgeriesList" name="TC02_Scroll" time="0.035"/>
  <system-out/>
  <testcase classname="testCases.TC03_SurgeriesList" name="SurgeryList" time="3.130"/>
  <system-out/>
</testsuite> <!-- testCases.TC03_SurgeriesList -->
