<?xml version="1.0" encoding="UTF-8"?>
<!-- Generated by org.testng.reporters.JUnitReportReporter -->
<testsuite hostname="LTIN173527" failures="0" tests="1" name="testCases.TC001" time="44.373" errors="0" timestamp="2024-02-28T17:59:00 IST" skipped="0">
  <testcase classname="testCases.TC001" name="first" time="44.373"/>
  <system-out/>
</testsuite> <!-- testCases.TC001 -->
